<?xml version="1.0" encoding="UTF-8"?>
<!-- Generated by org.testng.reporters.JUnitReportReporter -->
<testsuite skipped="0" hostname="tnamb" name="com.amazon.testPages.AmazonProductPage" tests="1" failures="0" timestamp="2021-04-22T13:44:21 IST" time="59.244" errors="0">
  <testcase name="ProductPage" time="59.244" classname="com.amazon.testPages.AmazonProductPage"/>
  <system-out/>
</testsuite> <!-- com.amazon.testPages.AmazonProductPage -->
