<?xml version="1.0" encoding="UTF-8"?>
<!-- Generated by org.testng.reporters.JUnitReportReporter -->
<testsuite skipped="0" hostname="tnamb" name="com.amazon.testCases.TestAmazonLogout" tests="1" failures="0" timestamp="2021-04-23T14:34:04 IST" time="9.500" errors="0">
  <testcase name="logout" time="9.500" classname="com.amazon.testCases.TestAmazonLogout"/>
  <system-out/>
</testsuite> <!-- com.amazon.testCases.TestAmazonLogout -->
