<?xml version="1.0" encoding="UTF-8"?>
<!-- Generated by org.testng.reporters.JUnitReportReporter -->
<testsuite skipped="0" hostname="tnamb" name="com.amazon.testPages.AmazonSearch" tests="1" failures="0" timestamp="2021-04-22T15:37:28 IST" time="11.890" errors="0">
  <testcase name="search" time="11.890" classname="com.amazon.testPages.AmazonSearch"/>
  <system-out/>
</testsuite> <!-- com.amazon.testPages.AmazonSearch -->
