<?xml version="1.0" encoding="UTF-8"?>
<!-- Generated by org.testng.reporters.JUnitReportReporter -->
<testsuite skipped="0" hostname="tnamb" name="com.amazon.testPages.AmazonLogout" tests="1" failures="0" timestamp="2021-04-23T10:14:31 IST" time="5.720" errors="0">
  <testcase name="logout" time="5.720" classname="com.amazon.testPages.AmazonLogout"/>
  <system-out/>
</testsuite> <!-- com.amazon.testPages.AmazonLogout -->
