<?xml version="1.0" encoding="UTF-8"?>
<!-- Generated by org.testng.reporters.JUnitReportReporter -->
<testsuite skipped="0" hostname="tnamb" name="com.amazon.testCases.TestAmazonSearch" tests="1" failures="0" timestamp="2021-04-23T14:34:04 IST" time="18.035" errors="0">
  <testcase name="search" time="18.035" classname="com.amazon.testCases.TestAmazonSearch"/>
  <system-out/>
</testsuite> <!-- com.amazon.testCases.TestAmazonSearch -->
