<?xml version="1.0" encoding="UTF-8"?>
<!-- Generated by org.testng.reporters.JUnitReportReporter -->
<testsuite skipped="0" hostname="tnamb" name="com.amazon.testPages.AmazonProductPage" tests="1" failures="0" timestamp="2021-04-23T13:06:55 IST" time="21.106" errors="0">
  <testcase name="ProductPage" time="21.106" classname="com.amazon.testPages.AmazonProductPage"/>
  <system-out/>
</testsuite> <!-- com.amazon.testPages.AmazonProductPage -->
