<?xml version="1.0" encoding="UTF-8"?>
<!-- Generated by org.testng.reporters.JUnitReportReporter -->
<testsuite skipped="0" hostname="tnamb" name="com.amazon.testCases.TestAmazonLogin" tests="1" failures="0" timestamp="2021-04-23T14:34:04 IST" time="9.818" errors="0">
  <testcase name="Login" time="9.818" classname="com.amazon.testCases.TestAmazonLogin"/>
  <system-out/>
</testsuite> <!-- com.amazon.testCases.TestAmazonLogin -->
