<?xml version="1.0" encoding="UTF-8"?>
<!-- Generated by org.testng.reporters.JUnitReportReporter -->
<testsuite skipped="0" hostname="tnamb" name="com.amazon.testPages.AmazonProductPage" tests="1" failures="0" timestamp="2021-04-21T16:55:33 IST" time="10.489" errors="0">
  <testcase name="ProductPage" time="10.489" classname="com.amazon.testPages.AmazonProductPage"/>
  <system-out/>
</testsuite> <!-- com.amazon.testPages.AmazonProductPage -->
