<?xml version="1.0" encoding="UTF-8"?>
<!-- Generated by org.testng.reporters.JUnitReportReporter -->
<testsuite skipped="0" hostname="tnamb" name="com.amazon.testPages.AmazonLogout" tests="1" failures="0" timestamp="2021-04-23T13:56:18 IST" time="6.827" errors="0">
  <testcase name="logout" time="6.827" classname="com.amazon.testPages.AmazonLogout"/>
  <system-out/>
</testsuite> <!-- com.amazon.testPages.AmazonLogout -->
